<?xml version="1.0" encoding="UTF-8"?>
<testng-results skipped="0" failed="0" ignored="0" total="1" passed="1">
  <reporter-output>
  </reporter-output>
  <suite name="Suite" duration-ms="40101" started-at="2019-02-10T16:18:43Z" finished-at="2019-02-10T16:19:23Z">
    <groups>
      <group name="cucumber">
        <method signature="AbstractTestNGCucumberTests.feature(cucumber.api.testng.CucumberFeatureWrapper)[pri:0, instance:runners.TestRunner@6adede5]" name="feature" class="cucumber.api.testng.AbstractTestNGCucumberTests"/>
      </group> <!-- cucumber -->
    </groups>
    <test name="Equal experts hotel booking form" duration-ms="40101" started-at="2019-02-10T16:18:43Z" finished-at="2019-02-10T16:19:23Z">
      <class name="runners.TestRunner">
        <test-method status="PASS" signature="setUpClass()[pri:0, instance:runners.TestRunner@6adede5]" name="setUpClass" is-config="true" duration-ms="518" started-at="2019-02-10T16:18:43Z" finished-at="2019-02-10T16:18:44Z">
          <reporter-output>
          </reporter-output>
        </test-method> <!-- setUpClass -->
        <test-method status="PASS" signature="feature(cucumber.api.testng.CucumberFeatureWrapper)[pri:0, instance:runners.TestRunner@6adede5]" name="feature" duration-ms="38838" started-at="2019-02-10T16:18:44Z" description="Runs Cucumber Feature" data-provider="features" finished-at="2019-02-10T16:19:22Z">
          <params>
            <param index="0">
              <value>
                <![CDATA[Automated End2End Tests]]>
              </value>
            </param>
          </params>
          <reporter-output>
          </reporter-output>
        </test-method> <!-- feature -->
        <test-method status="PASS" signature="writeExtentReport()[pri:0, instance:runners.TestRunner@6adede5]" name="writeExtentReport" is-config="true" duration-ms="21" started-at="2019-02-10T16:19:23Z" finished-at="2019-02-10T16:19:23Z">
          <reporter-output>
          </reporter-output>
        </test-method> <!-- writeExtentReport -->
        <test-method status="PASS" signature="tearDownClass()[pri:0, instance:runners.TestRunner@6adede5]" name="tearDownClass" is-config="true" duration-ms="551" started-at="2019-02-10T16:19:23Z" finished-at="2019-02-10T16:19:23Z">
          <reporter-output>
          </reporter-output>
        </test-method> <!-- tearDownClass -->
      </class> <!-- runners.TestRunner -->
    </test> <!-- Equal experts hotel booking form -->
  </suite> <!-- Suite -->
</testng-results>
