<?xml version="1.0" encoding="UTF-8"?>
<testng-results skipped="0" failed="0" ignored="0" total="1" passed="1">
  <reporter-output>
  </reporter-output>
  <suite name="Default suite" duration-ms="23213" started-at="2019-02-13T13:19:37Z" finished-at="2019-02-13T13:20:00Z">
    <groups>
      <group name="cucumber">
        <method signature="AbstractTestNGCucumberTests.feature(cucumber.api.testng.CucumberFeatureWrapper)[pri:0, instance:runners.TestRunner@20322d26]" name="feature" class="cucumber.api.testng.AbstractTestNGCucumberTests"/>
      </group> <!-- cucumber -->
    </groups>
    <test name="Default test" duration-ms="23213" started-at="2019-02-13T13:19:37Z" finished-at="2019-02-13T13:20:00Z">
      <class name="runners.TestRunner">
        <test-method status="PASS" signature="setUpClass()[pri:0, instance:runners.TestRunner@20322d26]" name="setUpClass" is-config="true" duration-ms="440" started-at="2019-02-13T13:19:37Z" finished-at="2019-02-13T13:19:37Z">
          <reporter-output>
          </reporter-output>
        </test-method> <!-- setUpClass -->
        <test-method status="PASS" signature="feature(cucumber.api.testng.CucumberFeatureWrapper)[pri:0, instance:runners.TestRunner@20322d26]" name="feature" duration-ms="22219" started-at="2019-02-13T13:19:37Z" description="Runs Cucumber Feature" data-provider="features" finished-at="2019-02-13T13:20:00Z">
          <params>
            <param index="0">
              <value>
                <![CDATA[Automated End2End Tests]]>
              </value>
            </param>
          </params>
          <reporter-output>
          </reporter-output>
        </test-method> <!-- feature -->
        <test-method status="PASS" signature="writeExtentReport()[pri:0, instance:runners.TestRunner@20322d26]" name="writeExtentReport" is-config="true" duration-ms="15" started-at="2019-02-13T13:20:00Z" finished-at="2019-02-13T13:20:00Z">
          <reporter-output>
          </reporter-output>
        </test-method> <!-- writeExtentReport -->
        <test-method status="PASS" signature="tearDownClass()[pri:0, instance:runners.TestRunner@20322d26]" name="tearDownClass" is-config="true" duration-ms="397" started-at="2019-02-13T13:20:00Z" finished-at="2019-02-13T13:20:00Z">
          <reporter-output>
          </reporter-output>
        </test-method> <!-- tearDownClass -->
      </class> <!-- runners.TestRunner -->
    </test> <!-- Default test -->
  </suite> <!-- Default suite -->
</testng-results>
